<?xml version="1.0" encoding="UTF-8"?>
<!-- Generated by org.testng.reporters.JUnitReportReporter -->
<testsuite hostname="DESKTOP-BPGOAE1" failures="0" tests="1" name="Common.browsers" time="0.003" errors="0" timestamp="2020-02-23T10:13:39 EST" skipped="0">
  <testcase classname="Common.browsers" name="f" time="0.003"/>
</testsuite> <!-- Common.browsers -->
